Début de la vérification...
[ERROR] Jeu.java:4: Line has trailing spaces. [RegexpSingleline]
[ERROR] Jeu.java:7: Line has trailing spaces. [RegexpSingleline]
[ERROR] Arbitre.java:20: La ligne excède 90 caractères (trouvé 96). [LineLength]
[ERROR] Arbitre.java:25:17: Il manque une espace après '}'. [WhitespaceAround]
[ERROR] Arbitre.java:25:18: Il manque une espace avant 'else'. [WhitespaceAround]
[ERROR] Arbitre.java:30:17: Il manque une espace après '}'. [WhitespaceAround]
[ERROR] Arbitre.java:30:18: Il manque une espace avant 'else'. [WhitespaceAround]
[ERROR] Arbitre.java:32:17: Il manque une espace après '}'. [WhitespaceAround]
[ERROR] Arbitre.java:32:18: Il manque une espace avant 'else'. [WhitespaceAround]
[ERROR] Arbitre.java:34:17: Il manque une espace après '}'. [WhitespaceAround]
[ERROR] Arbitre.java:34:18: Il manque une espace avant 'else'. [WhitespaceAround]
[ERROR] Arbitre.java:35: La ligne excède 90 caractères (trouvé 95). [LineLength]
[ERROR] Arbitre.java:39:13: Il manque une espace après '}'. [WhitespaceAround]
[ERROR] Arbitre.java:39:14: Il manque une espace avant 'catch'. [WhitespaceAround]
[ERROR] Arbitre.java:41:13: Il manque une espace après '}'. [WhitespaceAround]
[ERROR] Arbitre.java:41:14: Il manque une espace avant 'catch'. [WhitespaceAround]
[ERROR] Arbitre.java:42: La ligne excède 90 caractères (trouvé 95). [LineLength]
[ERROR] Arbitre.java:49:36: Il manque une espace après '+'. [WhitespaceAround]
[ERROR] Arbitre.java:49:36: Il manque une espace avant '+'. [WhitespaceAround]
[ERROR] Strategie.java:6:5: Mot-clef 'public' redondant. [RedundantModifier]
[ERROR] Strategie.java:6:33: Le nom 'scanner' n'est pas conforme à l'expression '^[A-Z][A-Z0-9]*(_[A-Z0-9]+)*$'. [ConstantName]
[ERROR] Strategie.java:7:5: Mot-clef 'public' redondant. [RedundantModifier]
[ERROR] Strategie.java:7:32: Le nom 'r' n'est pas conforme à l'expression '^[A-Z][A-Z0-9]*(_[A-Z0-9]+)*$'. [ConstantName]
[ERROR] Strategie.java:8:5: Mot-clef 'public' redondant. [RedundantModifier]
[ERROR] StrategieClass.java:2:8: Import inutilisé - java.util.InputMismatchException. [UnusedImports]
[ERROR] StrategieClass.java:7:56: Il manque une espace avant '{'. [WhitespaceAround]
[ERROR] StrategieClass.java:11:90: Il manque une espace avant '{'. [WhitespaceAround]
[ERROR] StrategieClass.java:12:13: Le nom 'PRISE_MAX' n'est pas conforme à l'expression '^[a-z][a-zA-Z0-9]*$'. [LocalVariableName]
[ERROR] StrategieClass.java:13:34: Il manque une espace avant '{'. [WhitespaceAround]
[ERROR] StrategieClass.java:15:23: Il manque une espace après '='. [WhitespaceAround]
[ERROR] StrategieClass.java:16:13: Il manque une espace après 'do'. [WhitespaceAfter]
[ERROR] StrategieClass.java:16:15: Il manque une espace avant '{'. [WhitespaceAround]
[ERROR] StrategieClass.java:17:17: Il manque une espace après 'try'. [WhitespaceAround]
[ERROR] StrategieClass.java:17:20: Il manque une espace avant '{'. [WhitespaceAround]
[ERROR] StrategieClass.java:19: Line has trailing spaces. [RegexpSingleline]
[ERROR] StrategieClass.java:21:50: Il manque une espace avant '{'. [WhitespaceAround]
[ERROR] StrategieClass.java:23: La ligne excède 90 caractères (trouvé 123). [LineLength]
[ERROR] StrategieClass.java:24:21: Il manque une espace après '}'. [WhitespaceAround]
[ERROR] StrategieClass.java:24:22: Il manque une espace après 'else'. [WhitespaceAfter]
[ERROR] StrategieClass.java:24:22: Il manque une espace avant 'else'. [WhitespaceAround]
[ERROR] StrategieClass.java:24:26: Il manque une espace avant '{'. [WhitespaceAround]
[ERROR] StrategieClass.java:28:17: Il manque une espace après '}'. [WhitespaceAround]
[ERROR] StrategieClass.java:28:18: Il manque une espace après 'catch'. [WhitespaceAround]
[ERROR] StrategieClass.java:28:18: Il manque une espace avant 'catch'. [WhitespaceAround]
[ERROR] StrategieClass.java:28:48: Il manque une espace avant '{'. [WhitespaceAround]
[ERROR] StrategieClass.java:31:13: Il manque une espace après '}'. [WhitespaceAround]
[ERROR] StrategieClass.java:31:14: Il manque une espace avant 'while'. [WhitespaceAround]
[ERROR] StrategieClass.java:33:9: Il manque une espace après '}'. [WhitespaceAround]
[ERROR] StrategieClass.java:33:10: Il manque une espace avant 'else'. [WhitespaceAround]
[ERROR] StrategieClass.java:33:42: Il manque une espace avant '{'. [WhitespaceAround]
[ERROR] StrategieClass.java:35:50: Il manque une espace après '-'. [WhitespaceAround]
[ERROR] StrategieClass.java:35:50: Il manque une espace avant '-'. [WhitespaceAround]
[ERROR] StrategieClass.java:35:53: Il manque une espace après '%'. [WhitespaceAround]
[ERROR] StrategieClass.java:35:53: Il manque une espace avant '%'. [WhitespaceAround]
[ERROR] StrategieClass.java:36:47: Il manque une espace après '-'. [WhitespaceAround]
[ERROR] StrategieClass.java:36:47: Il manque une espace avant '-'. [WhitespaceAround]
[ERROR] StrategieClass.java:36:49: Il manque une espace après '-'. [WhitespaceAround]
[ERROR] StrategieClass.java:36:49: Il manque une espace avant '-'. [WhitespaceAround]
[ERROR] StrategieClass.java:36:55: Il manque une espace après '/'. [WhitespaceAround]
[ERROR] StrategieClass.java:36:55: Il manque une espace avant '/'. [WhitespaceAround]
[ERROR] StrategieClass.java:37:23: Il manque une espace après '='. [WhitespaceAround]
[ERROR] StrategieClass.java:37:23: Il manque une espace avant '='. [WhitespaceAround]
[ERROR] StrategieClass.java:37:25: Il manque une espace après ';'. [WhitespaceAfter]
[ERROR] StrategieClass.java:37:27: Il manque une espace après '<'. [WhitespaceAround]
[ERROR] StrategieClass.java:37:27: Il manque une espace avant '<'. [WhitespaceAround]
[ERROR] StrategieClass.java:37:29: Il manque une espace après ';'. [WhitespaceAfter]
[ERROR] StrategieClass.java:37:34: Il manque une espace avant '{'. [WhitespaceAround]
[ERROR] StrategieClass.java:40:21: Il manque une espace après '!='. [WhitespaceAround]
[ERROR] StrategieClass.java:40:21: Il manque une espace avant '!='. [WhitespaceAround]
[ERROR] StrategieClass.java:40:25: Il manque une espace avant '{'. [WhitespaceAround]
[ERROR] StrategieClass.java:45:9: Il manque une espace après '}'. [WhitespaceAround]
[ERROR] StrategieClass.java:45:10: Il manque une espace avant 'else'. [WhitespaceAround]
[ERROR] StrategieClass.java:45:40: Il manque une espace avant '{'. [WhitespaceAround]
[ERROR] StrategieClass.java:46:24: Il manque une espace après '='. [WhitespaceAround]
[ERROR] StrategieClass.java:46:26: Il manque une espace après ';'. [WhitespaceAfter]
[ERROR] StrategieClass.java:46:28: Il manque une espace après '<'. [WhitespaceAround]
[ERROR] StrategieClass.java:46:28: Il manque une espace avant '<'. [WhitespaceAround]
[ERROR] StrategieClass.java:46:38: Il manque une espace après ';'. [WhitespaceAfter]
[ERROR] StrategieClass.java:46:43: Il manque une espace avant '{'. [WhitespaceAround]
[ERROR] StrategieClass.java:47:60: Il manque une espace après '-'. [WhitespaceAround]
[ERROR] StrategieClass.java:47:60: Il manque une espace avant '-'. [WhitespaceAround]
[ERROR] StrategieClass.java:47:64: Il manque une espace avant '{'. [WhitespaceAround]
[ERROR] StrategieClass.java:48:37: Il manque une espace après '-'. [WhitespaceAround]
[ERROR] StrategieClass.java:48:37: Il manque une espace avant '-'. [WhitespaceAround]
[ERROR] StrategieClass.java:51:9: Il manque une espace après '}'. [WhitespaceAround]
[ERROR] StrategieClass.java:51:10: Il manque une espace avant 'else'. [WhitespaceAround]
[ERROR] StrategieClass.java:51:40: Il manque une espace avant '{'. [WhitespaceAround]
[ERROR] StrategieClass.java:52:55: Il manque une espace après '+'. [WhitespaceAround]
[ERROR] StrategieClass.java:52:55: Il manque une espace avant '+'. [WhitespaceAround]
[ERROR] StrategieClass.java:52:64: Il manque une espace avant '{'. [WhitespaceAround]
[ERROR] StrategieClass.java:55: La ligne excède 90 caractères (trouvé 126). [LineLength]
[ERROR] StrategieClass.java:55:59: Il manque une espace après '+'. [WhitespaceAround]
[ERROR] StrategieClass.java:55:59: Il manque une espace avant '+'. [WhitespaceAround]
[ERROR] StrategieClass.java:55:109: Il manque une espace après '+'. [WhitespaceAround]
[ERROR] StrategieClass.java:55:109: Il manque une espace avant '+'. [WhitespaceAround]
[ERROR] StrategieClass.java:55:112: Il manque une espace après '-'. [WhitespaceAround]
[ERROR] StrategieClass.java:55:112: Il manque une espace avant '-'. [WhitespaceAround]
[ERROR] StrategieClass.java:56:9: Il manque une espace après '}'. [WhitespaceAround]
[ERROR] StrategieClass.java:56:10: Il manque une espace avant 'else'. [WhitespaceAround]
[ERROR] StrategieClass.java:56:38: Il manque une espace avant '{'. [WhitespaceAround]
[ERROR] StrategieClass.java:57:39: Il manque une espace après '-'. [WhitespaceAround]
[ERROR] StrategieClass.java:57:39: Il manque une espace avant '-'. [WhitespaceAround]
[ERROR] StrategieClass.java:57:42: Il manque une espace après '+'. [WhitespaceAround]
[ERROR] StrategieClass.java:57:42: Il manque une espace avant '+'. [WhitespaceAround]
[ERROR] StrategieClass.java:58:9: Il manque une espace après '}'. [WhitespaceAround]
[ERROR] StrategieClass.java:58:10: Il manque une espace après 'else'. [WhitespaceAfter]
[ERROR] StrategieClass.java:58:10: Il manque une espace avant 'else'. [WhitespaceAround]
[ERROR] StrategieClass.java:58:14: Il manque une espace avant '{'. [WhitespaceAround]
[ERROR] StrategieClass.java:59: La ligne excède 90 caractères (trouvé 97). [LineLength]
[ERROR] Joueur.java:6:51: Il manque une espace avant '{'. [WhitespaceAround]
[ERROR] Joueur.java:10:27: Il manque une espace avant '{'. [WhitespaceAround]
[ERROR] Joueur.java:13: Line has trailing spaces. [RegexpSingleline]
[ERROR] Joueur.java:14:50: Il manque une espace avant '{'. [WhitespaceAround]
[ERROR] Joueur.java:16: Line has trailing spaces. [RegexpSingleline]
[ERROR] Joueur.java:17: Line has trailing spaces. [RegexpSingleline]
[ERROR] Joueur.java:18:90: Il manque une espace avant '{'. [WhitespaceAround]
[ERROR] Joueur.java:19: Line has trailing spaces. [RegexpSingleline]
[ERROR] Joueur.java:22: Line has trailing spaces. [RegexpSingleline]
[ERROR] Joueur.java:23: Line has trailing spaces. [RegexpSingleline]
[ERROR] Procuration.java:9:37: Il manque une espace avant '{'. [WhitespaceAround]
[ERROR] Procuration.java:12:32: Il manque une espace avant '{'. [WhitespaceAround]
[ERROR] Procuration.java:15: Line has trailing spaces. [RegexpSingleline]
[ERROR] Procuration.java:16: Line has trailing spaces. [RegexpSingleline]
[ERROR] Procuration.java:21: La ligne excède 90 caractères (trouvé 98). [LineLength]
[ERROR] OperationInterditException.java:9: Line has trailing spaces. [RegexpSingleline]
[ERROR] OperationInterditException.java:11: Line has trailing spaces. [RegexpSingleline]
[ERROR] JeuNonConfiant.java:5:19: La variable 'NombreAllumettes' devrait être privée et avoir des accesseurs. [VisibilityModifier]
[ERROR] JeuNonConfiant.java:5:19: Le nom 'NombreAllumettes' n'est pas conforme à l'expression '^[a-z][a-zA-Z0-9]*$'. [MemberName]
[ERROR] JeuNonConfiant.java:5:38: '13' devrait être défini comme une constante. [MagicNumber]
[ERROR] JeuNonConfiant.java:20: Line has trailing spaces. [RegexpSingleline]
[ERROR] JeuNonConfiant.java:22:22: Il manque une espace après '>='. [WhitespaceAround]
[ERROR] JeuNonConfiant.java:24:9: Il manque une espace après '}'. [WhitespaceAround]
[ERROR] JeuNonConfiant.java:24:10: Il manque une espace avant 'else'. [WhitespaceAround]
[ERROR] JeuNonConfiant.java:28:9: Il manque une espace après '}'. [WhitespaceAround]
[ERROR] JeuNonConfiant.java:28:10: Il manque une espace avant 'else'. [WhitespaceAround]
[ERROR] Jouer.java:19:46: Il manque une espace avant '{'. [WhitespaceAround]
[ERROR] Jouer.java:22:13: Il manque une espace après '}'. [WhitespaceAround]
[ERROR] Jouer.java:22:14: Il manque une espace après 'else'. [WhitespaceAfter]
[ERROR] Jouer.java:22:14: Il manque une espace avant 'else'. [WhitespaceAround]
[ERROR] Jouer.java:22:18: Il manque une espace avant '{'. [WhitespaceAround]
[ERROR] Jouer.java:27:20: Le nom 'Nom1' n'est pas conforme à l'expression '^[a-z][a-zA-Z0-9]*$'. [LocalVariableName]
[ERROR] Jouer.java:28:23: Le nom 'Strategie1' n'est pas conforme à l'expression '^[a-z][a-zA-Z0-9]*$'. [LocalVariableName]
[ERROR] Jouer.java:29:35: Il manque une espace après '+'. [WhitespaceAround]
[ERROR] Jouer.java:29:35: Il manque une espace avant '+'. [WhitespaceAround]
[ERROR] Jouer.java:30:20: Le nom 'Nom2' n'est pas conforme à l'expression '^[a-z][a-zA-Z0-9]*$'. [LocalVariableName]
[ERROR] Jouer.java:31:23: Le nom 'Strategie2' n'est pas conforme à l'expression '^[a-z][a-zA-Z0-9]*$'. [LocalVariableName]
[ERROR] Jouer.java:32:45: Il manque une espace après ','. [WhitespaceAfter]
[ERROR] Jouer.java:33:45: Il manque une espace après ','. [WhitespaceAfter]
[ERROR] Jouer.java:34:50: Il manque une espace après ','. [WhitespaceAfter]
[ERROR] Jouer.java:36: La ligne excède 90 caractères (trouvé 103). [LineLength]
Vérification terminée.
