This file contains any messages produced by compilers while
running configure, to aid debugging if configure makes a mistake.

It was created by GLPK configure 5.0, which was
generated by GNU Autoconf 2.69.  Invocation command line was

  $ ./configure --disable-shared

## --------- ##
## Platform. ##
## --------- ##

hostname = clementine.enseeiht.fr
uname -m = x86_64
uname -r = 5.4.0-89-generic
uname -s = Linux
uname -v = #100-Ubuntu SMP Fri Sep 24 14:50:10 UTC 2021

/usr/bin/uname -p = x86_64
/bin/uname -X     = unknown

/bin/arch              = x86_64
/usr/bin/arch -k       = unknown
/usr/convex/getsysinfo = unknown
/usr/bin/hostinfo      = unknown
/bin/machine           = unknown
/usr/bin/oslevel       = unknown
/bin/universe          = unknown

PATH: /mnt/n7fs/java/jdk-12.0.1/bin
PATH: /applications/opam/ocaml-base-compiler/bin
PATH: /usr/local/sbin
PATH: /usr/local/bin
PATH: /usr/sbin
PATH: /usr/bin
PATH: /sbin
PATH: /bin
PATH: /usr/games
PATH: /usr/local/games
PATH: /snap/bin


## ----------- ##
## Core tests. ##
## ----------- ##

configure:2255: checking for a BSD-compatible install
configure:2323: result: /usr/bin/install -c
configure:2334: checking whether build environment is sane
configure:2389: result: yes
configure:2538: checking for a thread-safe mkdir -p
configure:2577: result: /usr/bin/mkdir -p
configure:2584: checking for gawk
configure:2600: found /usr/bin/gawk
configure:2611: result: gawk
configure:2622: checking whether make sets $(MAKE)
configure:2644: result: yes
configure:2842: checking for gcc
configure:2858: found /usr/bin/gcc
configure:2869: result: gcc
configure:3098: checking for C compiler version
configure:3107: gcc --version >&5
gcc (Ubuntu 9.3.0-17ubuntu1~20.04) 9.3.0
Copyright (C) 2019 Free Software Foundation, Inc.
This is free software; see the source for copying conditions.  There is NO
warranty; not even for MERCHANTABILITY or FITNESS FOR A PARTICULAR PURPOSE.

configure:3118: $? = 0
configure:3107: gcc -v >&5
Using built-in specs.
COLLECT_GCC=gcc
COLLECT_LTO_WRAPPER=/usr/lib/gcc/x86_64-linux-gnu/9/lto-wrapper
OFFLOAD_TARGET_NAMES=nvptx-none:hsa
OFFLOAD_TARGET_DEFAULT=1
Target: x86_64-linux-gnu
Configured with: ../src/configure -v --with-pkgversion='Ubuntu 9.3.0-17ubuntu1~20.04' --with-bugurl=file:///usr/share/doc/gcc-9/README.Bugs --enable-languages=c,ada,c++,go,brig,d,fortran,objc,obj-c++,gm2 --prefix=/usr --with-gcc-major-version-only --program-suffix=-9 --program-prefix=x86_64-linux-gnu- --enable-shared --enable-linker-build-id --libexecdir=/usr/lib --without-included-gettext --enable-threads=posix --libdir=/usr/lib --enable-nls --enable-clocale=gnu --enable-libstdcxx-debug --enable-libstdcxx-time=yes --with-default-libstdcxx-abi=new --enable-gnu-unique-object --disable-vtable-verify --enable-plugin --enable-default-pie --with-system-zlib --with-target-system-zlib=auto --enable-objc-gc=auto --enable-multiarch --disable-werror --with-arch-32=i686 --with-abi=m64 --with-multilib-list=m32,m64,mx32 --enable-multilib --with-tune=generic --enable-offload-targets=nvptx-none=/build/gcc-9-HskZEa/gcc-9-9.3.0/debian/tmp-nvptx/usr,hsa --without-cuda-driver --enable-checking=release --build=x86_64-linux-gnu --host=x86_64-linux-gnu --target=x86_64-linux-gnu
Thread model: posix
gcc version 9.3.0 (Ubuntu 9.3.0-17ubuntu1~20.04) 
configure:3118: $? = 0
configure:3107: gcc -V >&5
gcc: error: unrecognized command line option '-V'
gcc: fatal error: no input files
compilation terminated.
configure:3118: $? = 1
configure:3107: gcc -qversion >&5
gcc: error: unrecognized command line option '-qversion'; did you mean '--version'?
gcc: fatal error: no input files
compilation terminated.
configure:3118: $? = 1
configure:3138: checking whether the C compiler works
configure:3160: gcc    conftest.c  >&5
configure:3164: $? = 0
configure:3212: result: yes
configure:3215: checking for C compiler default output file name
configure:3217: result: a.out
configure:3223: checking for suffix of executables
configure:3230: gcc -o conftest    conftest.c  >&5
configure:3234: $? = 0
configure:3256: result: 
configure:3278: checking whether we are cross compiling
configure:3286: gcc -o conftest    conftest.c  >&5
configure:3290: $? = 0
configure:3297: ./conftest
configure:3301: $? = 0
configure:3289: result: no
configure:3294: checking for suffix of object files
configure:3316: gcc -c   conftest.c >&5
configure:3320: $? = 0
configure:3341: result: o
configure:3345: checking whether we are using the GNU C compiler
configure:3364: gcc -c   conftest.c >&5
configure:3364: $? = 0
configure:3373: result: yes
configure:3382: checking whether gcc accepts -g
configure:3402: gcc -c -g  conftest.c >&5
configure:3402: $? = 0
configure:3443: result: yes
configure:3460: checking for gcc option to accept ISO C89
configure:3523: gcc  -c -g -O2  conftest.c >&5
configure:3523: $? = 0
configure:3536: result: none needed
configure:3567: checking for style of include used by make
configure:3595: result: GNU
configure:3621: checking dependency style of gcc
configure:3732: result: gcc3
configure:3777: checking build system type
configure:3791: result: x86_64-unknown-linux-gnu
configure:3811: checking host system type
configure:3824: result: x86_64-unknown-linux-gnu
configure:3865: checking how to print strings
configure:3892: result: printf
configure:3913: checking for a sed that does not truncate output
configure:3977: result: /usr/bin/sed
configure:3995: checking for grep that handles long lines and -e
configure:4053: result: /usr/bin/grep
configure:4058: checking for egrep
configure:4120: result: /usr/bin/grep -E
configure:4125: checking for fgrep
configure:4187: result: /usr/bin/grep -F
configure:4222: checking for ld used by gcc
configure:4289: result: /usr/bin/ld
configure:4296: checking if the linker (/usr/bin/ld) is GNU ld
configure:4311: result: yes
configure:4323: checking for BSD- or MS-compatible name lister (nm)
configure:4372: result: /usr/bin/nm -B
configure:4502: checking the name lister (/usr/bin/nm -B) interface
configure:4509: gcc -c -g -O2  conftest.c >&5
configure:4512: /usr/bin/nm -B "conftest.o"
configure:4515: output
0000000000000000 B some_variable
configure:4516: result: BSD nm
configure:4519: checking whether ln -s works
configure:4523: result: yes
configure:4531: checking the maximum length of command line arguments
configure:4656: result: 1572864
configure:4673: checking whether the shell understands some XSI constructs
configure:4682: result: yes
configure:4686: checking whether the shell understands "+="
configure:4690: result: yes
configure:4725: checking how to convert x86_64-unknown-linux-gnu file names to x86_64-unknown-linux-gnu format
configure:4765: result: func_convert_file_noop
configure:4772: checking how to convert x86_64-unknown-linux-gnu file names to toolchain format
configure:4792: result: func_convert_file_noop
configure:4799: checking for /usr/bin/ld option to reload object files
configure:4806: result: -r
configure:4880: checking for objdump
configure:4896: found /usr/bin/objdump
configure:4907: result: objdump
configure:4939: checking how to recognize dependent libraries
configure:5141: result: pass_all
configure:5226: checking for dlltool
configure:5256: result: no
configure:5286: checking how to associate runtime and link libraries
configure:5313: result: printf %s\n
configure:5374: checking for ar
configure:5390: found /usr/bin/ar
configure:5401: result: ar
configure:5438: checking for archiver @FILE support
configure:5455: gcc -c -g -O2  conftest.c >&5
configure:5455: $? = 0
configure:5458: ar cru libconftest.a @conftest.lst >&5
ar: `u' modifier ignored since `D' is the default (see `U')
configure:5461: $? = 0
configure:5466: ar cru libconftest.a @conftest.lst >&5
ar: `u' modifier ignored since `D' is the default (see `U')
ar: conftest.o: No such file or directory
configure:5469: $? = 1
configure:5468: result: @
configure:5526: checking for strip
configure:5542: found /usr/bin/strip
configure:5553: result: strip
configure:5625: checking for ranlib
configure:5641: found /usr/bin/ranlib
configure:5652: result: ranlib
configure:5754: checking command to parse /usr/bin/nm -B output from gcc object
configure:5873: gcc -c -g -O2  conftest.c >&5
configure:5876: $? = 0
configure:5880: /usr/bin/nm -B conftest.o \| sed -n -e 's/^.*[ ]\([ABCDGIRSTW][ABCDGIRSTW]*\)[ ][ ]*\([_A-Za-z][_A-Za-z0-9]*\)$/\1 \2 \2/p' | sed '/ __gnu_lto/d' \> conftest.nm
configure:5883: $? = 0
configure:5949: gcc -o conftest -g -O2   conftest.c conftstm.o >&5
configure:5952: $? = 0
configure:5990: result: ok
configure:6027: checking for sysroot
configure:6057: result: no
configure:6134: gcc -c -g -O2  conftest.c >&5
configure:6137: $? = 0
configure:6300: checking for mt
configure:6316: found /usr/bin/mt
configure:6327: result: mt
configure:6350: checking if mt is a manifest tool
configure:6356: mt '-?'
configure:6364: result: no
configure:6996: checking how to run the C preprocessor
configure:7027: gcc -E  conftest.c
configure:7027: $? = 0
configure:7041: gcc -E  conftest.c
conftest.c:11:10: fatal error: ac_nonexistent.h: No such file or directory
   11 | #include <ac_nonexistent.h>
      |          ^~~~~~~~~~~~~~~~~~
compilation terminated.
configure:7041: $? = 1
configure: failed program was:
| /* confdefs.h */
| #define PACKAGE_NAME "GLPK"
| #define PACKAGE_TARNAME "glpk"
| #define PACKAGE_VERSION "5.0"
| #define PACKAGE_STRING "GLPK 5.0"
| #define PACKAGE_BUGREPORT "bug-glpk@gnu.org"
| #define PACKAGE_URL ""
| #define PACKAGE "glpk"
| #define VERSION "5.0"
| /* end confdefs.h.  */
| #include <ac_nonexistent.h>
configure:7066: result: gcc -E
configure:7086: gcc -E  conftest.c
configure:7086: $? = 0
configure:7100: gcc -E  conftest.c
conftest.c:11:10: fatal error: ac_nonexistent.h: No such file or directory
   11 | #include <ac_nonexistent.h>
      |          ^~~~~~~~~~~~~~~~~~
compilation terminated.
configure:7100: $? = 1
configure: failed program was:
| /* confdefs.h */
| #define PACKAGE_NAME "GLPK"
| #define PACKAGE_TARNAME "glpk"
| #define PACKAGE_VERSION "5.0"
| #define PACKAGE_STRING "GLPK 5.0"
| #define PACKAGE_BUGREPORT "bug-glpk@gnu.org"
| #define PACKAGE_URL ""
| #define PACKAGE "glpk"
| #define VERSION "5.0"
| /* end confdefs.h.  */
| #include <ac_nonexistent.h>
configure:7129: checking for ANSI C header files
configure:7149: gcc -c -g -O2  conftest.c >&5
configure:7149: $? = 0
configure:7222: gcc -o conftest -g -O2   conftest.c  >&5
configure:7222: $? = 0
configure:7222: ./conftest
configure:7222: $? = 0
configure:7233: result: yes
configure:7246: checking for sys/types.h
configure:7246: gcc -c -g -O2  conftest.c >&5
configure:7246: $? = 0
configure:7246: result: yes
configure:7246: checking for sys/stat.h
configure:7246: gcc -c -g -O2  conftest.c >&5
configure:7246: $? = 0
configure:7246: result: yes
configure:7246: checking for stdlib.h
configure:7246: gcc -c -g -O2  conftest.c >&5
configure:7246: $? = 0
configure:7246: result: yes
configure:7246: checking for string.h
configure:7246: gcc -c -g -O2  conftest.c >&5
configure:7246: $? = 0
configure:7246: result: yes
configure:7246: checking for memory.h
configure:7246: gcc -c -g -O2  conftest.c >&5
configure:7246: $? = 0
configure:7246: result: yes
configure:7246: checking for strings.h
configure:7246: gcc -c -g -O2  conftest.c >&5
configure:7246: $? = 0
configure:7246: result: yes
configure:7246: checking for inttypes.h
configure:7246: gcc -c -g -O2  conftest.c >&5
configure:7246: $? = 0
configure:7246: result: yes
configure:7246: checking for stdint.h
configure:7246: gcc -c -g -O2  conftest.c >&5
configure:7246: $? = 0
configure:7246: result: yes
configure:7246: checking for unistd.h
configure:7246: gcc -c -g -O2  conftest.c >&5
configure:7246: $? = 0
configure:7246: result: yes
configure:7260: checking for dlfcn.h
configure:7260: gcc -c -g -O2  conftest.c >&5
configure:7260: $? = 0
configure:7260: result: yes
configure:7447: checking for objdir
configure:7462: result: .libs
configure:7733: checking if gcc supports -fno-rtti -fno-exceptions
configure:7751: gcc -c -g -O2  -fno-rtti -fno-exceptions conftest.c >&5
cc1: warning: command line option '-fno-rtti' is valid for C++/D/ObjC++ but not for C
configure:7755: $? = 0
configure:7768: result: no
configure:8078: checking for gcc option to produce PIC
configure:8085: result: -fPIC -DPIC
configure:8093: checking if gcc PIC flag -fPIC -DPIC works
configure:8111: gcc -c -g -O2  -fPIC -DPIC -DPIC conftest.c >&5
configure:8115: $? = 0
configure:8128: result: yes
configure:8157: checking if gcc static flag -static works
configure:8185: result: yes
configure:8200: checking if gcc supports -c -o file.o
configure:8221: gcc -c -g -O2  -o out/conftest2.o conftest.c >&5
configure:8225: $? = 0
configure:8247: result: yes
configure:8255: checking if gcc supports -c -o file.o
configure:8302: result: yes
configure:8335: checking whether the gcc linker (/usr/bin/ld -m elf_x86_64) supports shared libraries
configure:9493: result: yes
configure:9738: checking dynamic linker characteristics
configure:10252: gcc -o conftest -g -O2   -Wl,-rpath -Wl,/foo conftest.c  >&5
configure:10252: $? = 0
configure:10474: result: GNU/Linux ld.so
configure:10581: checking how to hardcode library paths into programs
configure:10606: result: immediate
configure:11146: checking whether stripping libraries is possible
configure:11151: result: yes
configure:11186: checking if libtool supports shared libraries
configure:11188: result: yes
configure:11191: checking whether to build shared libraries
configure:11212: result: no
configure:11215: checking whether to build static libraries
configure:11219: result: yes
configure:8252: checking for exp in -lm
configure:8277: gcc -o conftest -g -O2   conftest.c -lm   >&5
conftest.c:30:6: warning: conflicting types for built-in function 'exp'; expected 'double(double)' [-Wbuiltin-declaration-mismatch]
   30 | char exp ();
      |      ^~~
conftest.c:1:1: note: 'exp' is declared in header '<math.h>'
    1 | /* confdefs.h */
configure:8277: $? = 0
configure:8286: result: yes
configure:8298: checking sys/time.h usability
configure:8298: gcc -c -g -O2  conftest.c >&5
configure:8298: $? = 0
configure:8298: result: yes
configure:8298: checking sys/time.h presence
configure:8298: gcc -E  conftest.c
configure:8298: $? = 0
configure:8298: result: yes
configure:8298: checking for sys/time.h
configure:8298: result: yes
configure:8307: checking for gettimeofday
configure:8307: gcc -o conftest -g -O2   conftest.c -lm  >&5
configure:8307: $? = 0
configure:8307: result: yes
configure:8326: checking whether to use GNU MP bignum library
configure:8336: result: no
configure:8340: checking whether to enable shared library support
configure:8363: result: no
configure:8380: checking whether to enable MathProg ODBC support
configure:8406: result: no
configure:8410: checking whether to enable MathProg MySQL support
configure:8425: result: no
configure:8429: checking whether to enable reentrancy support
configure:8432: result: yes
configure:8434: checking for thread local storage (TLS) class specifier
configure:8448: gcc -c -g -O2  conftest.c >&5
configure:8448: $? = 0
configure:8453: result: _Thread_local
configure:8469: checking if libtool needs -no-undefined flag to build shared libraries
configure:8480: result: no
configure:8589: checking that generated files are newer than configure
configure:8595: result: done
configure:8618: creating ./config.status

## ---------------------- ##
## Running config.status. ##
## ---------------------- ##

This file was extended by GLPK config.status 5.0, which was
generated by GNU Autoconf 2.69.  Invocation command line was

  CONFIG_FILES    = 
  CONFIG_HEADERS  = 
  CONFIG_LINKS    = 
  CONFIG_COMMANDS = 
  $ ./config.status 

on clementine.enseeiht.fr

config.status:1079: creating src/Makefile
config.status:1079: creating examples/Makefile
config.status:1079: creating Makefile
config.status:1079: creating config.h
config.status:1308: executing depfiles commands
config.status:1308: executing libtool commands

## ---------------- ##
## Cache variables. ##
## ---------------- ##

ac_cv_build=x86_64-unknown-linux-gnu
ac_cv_c_compiler_gnu=yes
ac_cv_env_CC_set=
ac_cv_env_CC_value=
ac_cv_env_CFLAGS_set=
ac_cv_env_CFLAGS_value=
ac_cv_env_CPPFLAGS_set=
ac_cv_env_CPPFLAGS_value=
ac_cv_env_CPP_set=
ac_cv_env_CPP_value=
ac_cv_env_LDFLAGS_set=
ac_cv_env_LDFLAGS_value=
ac_cv_env_LIBS_set=
ac_cv_env_LIBS_value=
ac_cv_env_build_alias_set=
ac_cv_env_build_alias_value=
ac_cv_env_host_alias_set=
ac_cv_env_host_alias_value=
ac_cv_env_target_alias_set=
ac_cv_env_target_alias_value=
ac_cv_func_gettimeofday=yes
ac_cv_header_dlfcn_h=yes
ac_cv_header_inttypes_h=yes
ac_cv_header_memory_h=yes
ac_cv_header_stdc=yes
ac_cv_header_stdint_h=yes
ac_cv_header_stdlib_h=yes
ac_cv_header_string_h=yes
ac_cv_header_strings_h=yes
ac_cv_header_sys_stat_h=yes
ac_cv_header_sys_time_h=yes
ac_cv_header_sys_types_h=yes
ac_cv_header_unistd_h=yes
ac_cv_host=x86_64-unknown-linux-gnu
ac_cv_lib_m_exp=yes
ac_cv_objext=o
ac_cv_path_EGREP='/usr/bin/grep -E'
ac_cv_path_FGREP='/usr/bin/grep -F'
ac_cv_path_GREP=/usr/bin/grep
ac_cv_path_SED=/usr/bin/sed
ac_cv_path_install='/usr/bin/install -c'
ac_cv_path_mkdir=/usr/bin/mkdir
ac_cv_prog_AWK=gawk
ac_cv_prog_CPP='gcc -E'
ac_cv_prog_ac_ct_AR=ar
ac_cv_prog_ac_ct_CC=gcc
ac_cv_prog_ac_ct_MANIFEST_TOOL=mt
ac_cv_prog_ac_ct_OBJDUMP=objdump
ac_cv_prog_ac_ct_RANLIB=ranlib
ac_cv_prog_ac_ct_STRIP=strip
ac_cv_prog_cc_c89=
ac_cv_prog_cc_g=yes
ac_cv_prog_make_make_set=yes
am_cv_CC_dependencies_compiler_type=gcc3
lt_cv_ar_at_file=@
lt_cv_deplibs_check_method=pass_all
lt_cv_file_magic_cmd='$MAGIC_CMD'
lt_cv_file_magic_test_file=
lt_cv_ld_reload_flag=-r
lt_cv_nm_interface='BSD nm'
lt_cv_objdir=.libs
lt_cv_path_LD=/usr/bin/ld
lt_cv_path_NM='/usr/bin/nm -B'
lt_cv_path_mainfest_tool=no
lt_cv_prog_compiler_c_o=yes
lt_cv_prog_compiler_pic='-fPIC -DPIC'
lt_cv_prog_compiler_pic_works=yes
lt_cv_prog_compiler_rtti_exceptions=no
lt_cv_prog_compiler_static_works=yes
lt_cv_prog_gnu_ld=yes
lt_cv_sharedlib_from_linklib_cmd='printf %s\n'
lt_cv_shlibpath_overrides_runpath=yes
lt_cv_sys_global_symbol_pipe='sed -n -e '\''s/^.*[	 ]\([ABCDGIRSTW][ABCDGIRSTW]*\)[	 ][	 ]*\([_A-Za-z][_A-Za-z0-9]*\)$/\1 \2 \2/p'\'' | sed '\''/ __gnu_lto/d'\'''
lt_cv_sys_global_symbol_to_c_name_address='sed -n -e '\''s/^: \([^ ]*\)[ ]*$/  {\"\1\", (void *) 0},/p'\'' -e '\''s/^[ABCDGIRSTW]* \([^ ]*\) \([^ ]*\)$/  {"\2", (void *) \&\2},/p'\'''
lt_cv_sys_global_symbol_to_c_name_address_lib_prefix='sed -n -e '\''s/^: \([^ ]*\)[ ]*$/  {\"\1\", (void *) 0},/p'\'' -e '\''s/^[ABCDGIRSTW]* \([^ ]*\) \(lib[^ ]*\)$/  {"\2", (void *) \&\2},/p'\'' -e '\''s/^[ABCDGIRSTW]* \([^ ]*\) \([^ ]*\)$/  {"lib\2", (void *) \&\2},/p'\'''
lt_cv_sys_global_symbol_to_cdecl='sed -n -e '\''s/^T .* \(.*\)$/extern int \1();/p'\'' -e '\''s/^[ABCDGIRSTW]* .* \(.*\)$/extern char \1;/p'\'''
lt_cv_sys_max_cmd_len=1572864
lt_cv_to_host_file_cmd=func_convert_file_noop
lt_cv_to_tool_file_cmd=func_convert_file_noop

## ----------------- ##
## Output variables. ##
## ----------------- ##

ACLOCAL='${SHELL} /home/khammi/RO/solveurGLPK/sources/glpk-5.0/missing --run aclocal-1.12'
AMDEPBACKSLASH='\'
AMDEP_FALSE='#'
AMDEP_TRUE=''
AMTAR='$${TAR-tar}'
AR='ar'
AUTOCONF='${SHELL} /home/khammi/RO/solveurGLPK/sources/glpk-5.0/missing --run autoconf'
AUTOHEADER='${SHELL} /home/khammi/RO/solveurGLPK/sources/glpk-5.0/missing --run autoheader'
AUTOMAKE='${SHELL} /home/khammi/RO/solveurGLPK/sources/glpk-5.0/missing --run automake-1.12'
AWK='gawk'
CC='gcc'
CCDEPMODE='depmode=gcc3'
CFLAGS='-g -O2'
CPP='gcc -E'
CPPFLAGS=''
CYGPATH_W='echo'
DEFS='-DHAVE_CONFIG_H'
DEPDIR='.deps'
DLLTOOL='false'
DSYMUTIL=''
DUMPBIN=''
ECHO_C=''
ECHO_N='-n'
ECHO_T=''
EGREP='/usr/bin/grep -E'
EXEEXT=''
FGREP='/usr/bin/grep -F'
GREP='/usr/bin/grep'
INSTALL_DATA='${INSTALL} -m 644'
INSTALL_PROGRAM='${INSTALL}'
INSTALL_SCRIPT='${INSTALL}'
INSTALL_STRIP_PROGRAM='$(install_sh) -c -s'
LD='/usr/bin/ld -m elf_x86_64'
LDFLAGS=''
LIBOBJS=''
LIBS='-lm '
LIBTOOL='$(SHELL) $(top_builddir)/libtool'
LIPO=''
LN_S='ln -s'
LTLIBOBJS=''
MAKEINFO='${SHELL} /home/khammi/RO/solveurGLPK/sources/glpk-5.0/missing --run makeinfo'
MANIFEST_TOOL=':'
MKDIR_P='/usr/bin/mkdir -p'
NM='/usr/bin/nm -B'
NMEDIT=''
NOUNDEFINED=''
OBJDUMP='objdump'
OBJEXT='o'
OTOOL64=''
OTOOL=''
PACKAGE='glpk'
PACKAGE_BUGREPORT='bug-glpk@gnu.org'
PACKAGE_NAME='GLPK'
PACKAGE_STRING='GLPK 5.0'
PACKAGE_TARNAME='glpk'
PACKAGE_URL=''
PACKAGE_VERSION='5.0'
PATH_SEPARATOR=':'
RANLIB='ranlib'
SED='/usr/bin/sed'
SET_MAKE=''
SHELL='/bin/bash'
STRIP='strip'
VERSION='5.0'
ac_ct_AR='ar'
ac_ct_CC='gcc'
ac_ct_DUMPBIN=''
am__EXEEXT_FALSE=''
am__EXEEXT_TRUE='#'
am__fastdepCC_FALSE='#'
am__fastdepCC_TRUE=''
am__include='include'
am__isrc=''
am__leading_dot='.'
am__nodep='_no'
am__quote=''
am__tar='$${TAR-tar} chof - "$$tardir"'
am__untar='$${TAR-tar} xf -'
bindir='${exec_prefix}/bin'
build='x86_64-unknown-linux-gnu'
build_alias=''
build_cpu='x86_64'
build_os='linux-gnu'
build_vendor='unknown'
datadir='${datarootdir}'
datarootdir='${prefix}/share'
docdir='${datarootdir}/doc/${PACKAGE_TARNAME}'
dvidir='${docdir}'
exec_prefix='${prefix}'
host='x86_64-unknown-linux-gnu'
host_alias=''
host_cpu='x86_64'
host_os='linux-gnu'
host_vendor='unknown'
htmldir='${docdir}'
includedir='${prefix}/include'
infodir='${datarootdir}/info'
install_sh='${SHELL} /home/khammi/RO/solveurGLPK/sources/glpk-5.0/install-sh'
libdir='${exec_prefix}/lib'
libexecdir='${exec_prefix}/libexec'
localedir='${datarootdir}/locale'
localstatedir='${prefix}/var'
mandir='${datarootdir}/man'
mkdir_p='$(MKDIR_P)'
oldincludedir='/usr/include'
pdfdir='${docdir}'
prefix='/usr/local'
program_transform_name='s,x,x,'
psdir='${docdir}'
sbindir='${exec_prefix}/sbin'
sharedstatedir='${prefix}/com'
sysconfdir='${prefix}/etc'
target_alias=''

## ----------- ##
## confdefs.h. ##
## ----------- ##

/* confdefs.h */
#define PACKAGE_NAME "GLPK"
#define PACKAGE_TARNAME "glpk"
#define PACKAGE_VERSION "5.0"
#define PACKAGE_STRING "GLPK 5.0"
#define PACKAGE_BUGREPORT "bug-glpk@gnu.org"
#define PACKAGE_URL ""
#define PACKAGE "glpk"
#define VERSION "5.0"
#define STDC_HEADERS 1
#define HAVE_SYS_TYPES_H 1
#define HAVE_SYS_STAT_H 1
#define HAVE_STDLIB_H 1
#define HAVE_STRING_H 1
#define HAVE_MEMORY_H 1
#define HAVE_STRINGS_H 1
#define HAVE_INTTYPES_H 1
#define HAVE_STDINT_H 1
#define HAVE_UNISTD_H 1
#define HAVE_DLFCN_H 1
#define LT_OBJDIR ".libs/"
#define HAVE_LIBM 1
#define HAVE_SYS_TIME_H 1
#define HAVE_GETTIMEOFDAY 1
#define TLS _Thread_local

configure: exit 0
