/*C4*/SET SCHEMA PUBLIC
INSERT INTO PERSONNE VALUES(1,'nom','prenom')
COMMIT
DISCONNECT
/*C3*/SET SCHEMA PUBLIC
DELETE FROM PERSONNE WHERE ID=1
COMMIT
/*C5*/SET SCHEMA PUBLIC
INSERT INTO PERSONNE VALUES(2,'hammi','kamal')
COMMIT
INSERT INTO ADRESSE VALUES(1,'5 rue de l''yonne','Toulouse',NULL)
COMMIT
DELETE FROM ADRESSE WHERE ID=1
INSERT INTO ADRESSE VALUES(1,'5 rue de l''yonne','Toulouse',2)
COMMIT
/*C6*/SET SCHEMA PUBLIC
DELETE FROM ADRESSE WHERE ID=1
INSERT INTO ADRESSE VALUES(1,'5 rue de l''yonne','Toulouse',2)
COMMIT
DISCONNECT
/*C5*/DISCONNECT
/*C7*/SET SCHEMA PUBLIC
DELETE FROM ADRESSE WHERE ID=1
INSERT INTO ADRESSE VALUES(1,'5 rue de l''yonne','Toulouse',2)
COMMIT
INSERT INTO PERSONNE VALUES(3,'ayoub','loudyi')
COMMIT
INSERT INTO ADRESSE VALUES(2,'ma3reftch','Tulouse',NULL)
COMMIT
DELETE FROM ADRESSE WHERE ID=2
INSERT INTO ADRESSE VALUES(2,'ma3reftch','Tulouse',3)
COMMIT
DISCONNECT
/*C3*/DISCONNECT
